<?xml version="1.0" encoding="UTF-8"?>
<!-- Generated by org.testng.reporters.JUnitXMLReporter -->
<testsuite ignored="0" hostname="SIRAJs-MacBook-Pro.local" failures="1" tests="1" name="Test" time="3.437" errors="0" timestamp="2020-03-31T10:34:01 CDT">
  <testcase classname="Test.OpenMre1" name="test" time="3.389">
    <failure type="org.openqa.selenium.support.ui.UnexpectedTagNameException" message="Element should have been &amp;quot;select&amp;quot; but was &amp;quot;input&amp;quot;
Build info: version: &amp;apos;3.141.59&amp;apos;, revision: &amp;apos;e82be7d358&amp;apos;, time: &amp;apos;2018-11-14T08:17:03&amp;apos;
System info: host: &amp;apos;SIRAJs-MacBook-Pro.local&amp;apos;, ip: &amp;apos;127.0.0.1&amp;apos;, os.name: &amp;apos;Mac OS X&amp;apos;, os.arch: &amp;apos;x86_64&amp;apos;, os.version: &amp;apos;10.15.3&amp;apos;, java.version: &amp;apos;13.0.2&amp;apos;
Driver info: driver.version: unknown">
      <![CDATA[org.openqa.selenium.support.ui.UnexpectedTagNameException: Element should have been "select" but was "input"
Build info: version: '3.141.59', revision: 'e82be7d358', time: '2018-11-14T08:17:03'
System info: host: 'SIRAJs-MacBook-Pro.local', ip: '127.0.0.1', os.name: 'Mac OS X', os.arch: 'x86_64', os.version: '10.15.3', java.version: '13.0.2'
Driver info: driver.version: unknown
at org.openqa.selenium.support.ui.Select.<init>(Select.java:48)
at Test.OpenMre1.test(OpenMre1.java:55)
at java.base/java.util.ArrayList.forEach(ArrayList.java:1507)
... Removed 27 stack frames]]>
    </failure>
  </testcase> <!-- test -->
</testsuite> <!-- Test -->
