<?xml version="1.0" encoding="UTF-8"?>
<testsuite xmlns:xsi="http://www.w3.org/2001/XMLSchema-instance" xsi:noNamespaceSchemaLocation="https://maven.apache.org/surefire/maven-surefire-plugin/xsd/surefire-test-report-3.0.xsd" version="3.0" name="TestSuite" time="4.636" tests="1" errors="0" skipped="0" failures="1">
  <properties>
[...]
</properties>
  <testcase name="test" classname="Test.OpenMre1" time="4.122">
    <failure message="Element should have been &quot;select&quot; but was &quot;input&quot;&#10;Build info: version: &apos;3.141.59&apos;, revision: &apos;e82be7d358&apos;, time: &apos;2018-11-14T08:17:03&apos;&#10;System info: host: &apos;SIRAJs-MacBook-Pro.local&apos;, ip: &apos;127.0.0.1&apos;, os.name: &apos;Mac OS X&apos;, os.arch: &apos;x86_64&apos;, os.version: &apos;10.15.3&apos;, java.version: &apos;13.0.2&apos;&#10;Driver info: driver.version: unknown" type="org.openqa.selenium.support.ui.UnexpectedTagNameException"><![CDATA[org.openqa.selenium.support.ui.UnexpectedTagNameException: 
Element should have been "select" but was "input"
Build info: version: '3.141.59', revision: 'e82be7d358', time: '2018-11-14T08:17:03'
System info: host: 'SIRAJs-MacBook-Pro.local', ip: '127.0.0.1', os.name: 'Mac OS X', os.arch: 'x86_64', os.version: '10.15.3', java.version: '13.0.2'
Driver info: driver.version: unknown
	at Test.OpenMre1.test(OpenMre1.java:53)
]]></failure>
    <system-out><![CDATA[Displayed text in image is : (400, 148)
Element displayed
]]></system-out>
    <system-err><![CDATA[Starting ChromeDriver 80.0.3987.106 (f68069574609230cf9b635cd784cfb1bf81bb53a-refs/branch-heads/3987@{#882}) on port 21529
Only local connections are allowed.
Please protect ports used by ChromeDriver and related test frameworks to prevent access by malicious code.
Mar 31, 2020 10:40:15 AM org.openqa.selenium.remote.ProtocolHandshake createSession
INFO: Detected dialect: W3C
[1585669215.879][SEVERE]: Timed out receiving message from renderer: 0.100
[1585669215.981][SEVERE]: Timed out receiving message from renderer: 0.100
[1585669216.083][SEVERE]: Timed out receiving message from renderer: 0.100
[1585669216.598][SEVERE]: Timed out receiving message from renderer: 0.100
]]></system-err>
  </testcase>
</testsuite>